<?xml version="1.0" encoding="UTF-8"?>
<coverage generated="1745399866871" clover="3.2.0">
  <project timestamp="1745399866871" name="All files">
    <metrics statements="95" coveredstatements="95" conditionals="32" coveredconditionals="32" methods="18" coveredmethods="18" elements="145" coveredelements="145" complexity="0" loc="95" ncloc="95" packages="2" files="7" classes="7"/>
    <package name="libs">
      <metrics statements="15" coveredstatements="15" conditionals="4" coveredconditionals="4" methods="3" coveredmethods="3"/>
      <file name="database.js" path="/Users/kirkhammett/VScodeProjects/finance-tracker-system/backend/libs/database.js">
        <metrics statements="3" coveredstatements="3" conditionals="0" coveredconditionals="0" methods="0" coveredmethods="0"/>
        <line num="4" count="7" type="stmt"/>
        <line num="6" count="7" type="stmt"/>
        <line num="8" count="7" type="stmt"/>
      </file>
      <file name="index.js" path="/Users/kirkhammett/VScodeProjects/finance-tracker-system/backend/libs/index.js">
        <metrics statements="12" coveredstatements="12" conditionals="4" coveredconditionals="4" methods="3" coveredmethods="3"/>
        <line num="4" count="6" type="stmt"/>
        <line num="5" count="5" type="stmt"/>
        <line num="7" count="5" type="stmt"/>
        <line num="9" count="5" type="stmt"/>
        <line num="12" count="6" type="stmt"/>
        <line num="14" count="8" type="cond" truecount="4" falsecount="0"/>
        <line num="15" count="2" type="stmt"/>
        <line num="16" count="2" type="stmt"/>
        <line num="19" count="6" type="stmt"/>
        <line num="20" count="6" type="stmt"/>
        <line num="24" count="6" type="stmt"/>
        <line num="25" count="1" type="stmt"/>
      </file>
    </package>
    <package name="services">
      <metrics statements="80" coveredstatements="80" conditionals="28" coveredconditionals="28" methods="15" coveredmethods="15"/>
      <file name="authService.js" path="/Users/kirkhammett/VScodeProjects/finance-tracker-system/backend/services/authService.js">
        <metrics statements="17" coveredstatements="17" conditionals="6" coveredconditionals="6" methods="2" coveredmethods="2"/>
        <line num="5" count="4" type="stmt"/>
        <line num="6" count="5" type="stmt"/>
        <line num="11" count="5" type="cond" truecount="2" falsecount="0"/>
        <line num="12" count="1" type="stmt"/>
        <line num="15" count="4" type="stmt"/>
        <line num="17" count="4" type="stmt"/>
        <line num="22" count="4" type="stmt"/>
        <line num="25" count="4" type="stmt"/>
        <line num="26" count="3" type="stmt"/>
        <line num="31" count="3" type="stmt"/>
        <line num="33" count="3" type="cond" truecount="2" falsecount="0"/>
        <line num="34" count="1" type="stmt"/>
        <line num="37" count="2" type="stmt"/>
        <line num="38" count="2" type="cond" truecount="2" falsecount="0"/>
        <line num="39" count="1" type="stmt"/>
        <line num="42" count="1" type="stmt"/>
        <line num="44" count="1" type="stmt"/>
      </file>
      <file name="goalService.js" path="/Users/kirkhammett/VScodeProjects/finance-tracker-system/backend/services/goalService.js">
        <metrics statements="10" coveredstatements="10" conditionals="0" coveredconditionals="0" methods="3" coveredmethods="3"/>
        <line num="4" count="3" type="stmt"/>
        <line num="5" count="3" type="stmt"/>
        <line num="10" count="3" type="stmt"/>
        <line num="13" count="3" type="stmt"/>
        <line num="14" count="2" type="stmt"/>
        <line num="18" count="2" type="stmt"/>
        <line num="21" count="3" type="stmt"/>
        <line num="22" count="3" type="stmt"/>
        <line num="24" count="3" type="stmt"/>
        <line num="35" count="3" type="stmt"/>
      </file>
      <file name="mockUserService.js" path="/Users/kirkhammett/VScodeProjects/finance-tracker-system/backend/services/mockUserService.js">
        <metrics statements="15" coveredstatements="15" conditionals="12" coveredconditionals="12" methods="3" coveredmethods="3"/>
        <line num="5" count="4" type="cond" truecount="4" falsecount="0"/>
        <line num="6" count="2" type="stmt"/>
        <line num="9" count="2" type="stmt"/>
        <line num="10" count="2" type="cond" truecount="2" falsecount="0"/>
        <line num="11" count="1" type="stmt"/>
        <line num="21" count="3" type="cond" truecount="2" falsecount="0"/>
        <line num="22" count="1" type="stmt"/>
        <line num="25" count="2" type="stmt"/>
        <line num="31" count="2" type="cond" truecount="2" falsecount="0"/>
        <line num="32" count="1" type="stmt"/>
        <line num="36" count="2" type="stmt"/>
        <line num="42" count="2" type="cond" truecount="2" falsecount="0"/>
        <line num="43" count="1" type="stmt"/>
        <line num="44" count="1" type="stmt"/>
        <line num="45" count="1" type="stmt"/>
      </file>
      <file name="transactionService.js" path="/Users/kirkhammett/VScodeProjects/finance-tracker-system/backend/services/transactionService.js">
        <metrics statements="20" coveredstatements="20" conditionals="4" coveredconditionals="4" methods="4" coveredmethods="4"/>
        <line num="4" count="2" type="stmt"/>
        <line num="5" count="8" type="stmt"/>
        <line num="10" count="8" type="stmt"/>
        <line num="13" count="2" type="stmt"/>
        <line num="14" count="4" type="stmt"/>
        <line num="15" count="4" type="stmt"/>
        <line num="17" count="4" type="cond" truecount="2" falsecount="0"/>
        <line num="18" count="2" type="stmt"/>
        <line num="19" count="2" type="stmt"/>
        <line num="22" count="4" type="cond" truecount="2" falsecount="0"/>
        <line num="23" count="2" type="stmt"/>
        <line num="24" count="2" type="stmt"/>
        <line num="27" count="4" type="stmt"/>
        <line num="28" count="4" type="stmt"/>
        <line num="31" count="2" type="stmt"/>
        <line num="32" count="1" type="stmt"/>
        <line num="39" count="1" type="stmt"/>
        <line num="42" count="2" type="stmt"/>
        <line num="43" count="1" type="stmt"/>
        <line num="48" count="1" type="stmt"/>
      </file>
      <file name="userService.js" path="/Users/kirkhammett/VScodeProjects/finance-tracker-system/backend/services/userService.js">
        <metrics statements="18" coveredstatements="18" conditionals="6" coveredconditionals="6" methods="3" coveredmethods="3"/>
        <line num="4" count="2" type="stmt"/>
        <line num="5" count="8" type="cond" truecount="4" falsecount="0"/>
        <line num="6" count="4" type="stmt"/>
        <line num="9" count="4" type="stmt"/>
        <line num="14" count="4" type="stmt"/>
        <line num="17" count="2" type="stmt"/>
        <line num="23" count="2" type="stmt"/>
        <line num="25" count="2" type="stmt"/>
        <line num="26" count="2" type="cond" truecount="2" falsecount="0"/>
        <line num="27" count="1" type="stmt"/>
        <line num="30" count="1" type="stmt"/>
        <line num="32" count="1" type="stmt"/>
        <line num="37" count="1" type="stmt"/>
        <line num="40" count="2" type="stmt"/>
        <line num="41" count="1" type="stmt"/>
        <line num="43" count="1" type="stmt"/>
        <line num="48" count="1" type="stmt"/>
        <line num="50" count="1" type="stmt"/>
      </file>
    </package>
  </project>
</coverage>
