{"/Users/kirkhammett/VScodeProjects/finance-tracker-system/backend/libs/database.js": {"path":"/Users/kirkhammett/VScodeProjects/finance-tracker-system/backend/libs/database.js","statementMap":{"0":{"start":{"line":4,"column":0},"end":{"line":4,"column":16}},"1":{"start":{"line":6,"column":17},"end":{"line":6,"column":19}},"2":{"start":{"line":8,"column":20},"end":{"line":13,"column":2}}},"fnMap":{},"branchMap":{},"s":{"0":7,"1":7,"2":7},"f":{},"b":{},"inputSourceMap":null,"_coverageSchema":"1a1c01bbd47fc00a2c39e90264f33305004495a9","hash":"58a3b4274b46b10b73896a02037ea3c340ac98f4"}
,"/Users/kirkhammett/VScodeProjects/finance-tracker-system/backend/libs/index.js": {"path":"/Users/kirkhammett/VScodeProjects/finance-tracker-system/backend/libs/index.js","statementMap":{"0":{"start":{"line":4,"column":28},"end":{"line":10,"column":1}},"1":{"start":{"line":5,"column":15},"end":{"line":5,"column":39}},"2":{"start":{"line":7,"column":25},"end":{"line":7,"column":59}},"3":{"start":{"line":9,"column":2},"end":{"line":9,"column":24}},"4":{"start":{"line":12,"column":31},"end":{"line":21,"column":1}},"5":{"start":{"line":14,"column":4},"end":{"line":17,"column":5}},"6":{"start":{"line":15,"column":6},"end":{"line":15,"column":64}},"7":{"start":{"line":16,"column":6},"end":{"line":16,"column":19}},"8":{"start":{"line":19,"column":20},"end":{"line":19,"column":64}},"9":{"start":{"line":20,"column":4},"end":{"line":20,"column":19}},"10":{"start":{"line":24,"column":25},"end":{"line":34,"column":1}},"11":{"start":{"line":25,"column":2},"end":{"line":33,"column":4}}},"fnMap":{"0":{"name":"(anonymous_0)","decl":{"start":{"line":4,"column":28},"end":{"line":4,"column":29}},"loc":{"start":{"line":4,"column":49},"end":{"line":10,"column":1}},"line":4},"1":{"name":"(anonymous_1)","decl":{"start":{"line":12,"column":31},"end":{"line":12,"column":32}},"loc":{"start":{"line":12,"column":65},"end":{"line":21,"column":1}},"line":12},"2":{"name":"(anonymous_2)","decl":{"start":{"line":24,"column":25},"end":{"line":24,"column":26}},"loc":{"start":{"line":24,"column":33},"end":{"line":34,"column":1}},"line":24}},"branchMap":{"0":{"loc":{"start":{"line":14,"column":4},"end":{"line":17,"column":5}},"type":"if","locations":[{"start":{"line":14,"column":4},"end":{"line":17,"column":5}},{"start":{},"end":{}}],"line":14},"1":{"loc":{"start":{"line":14,"column":8},"end":{"line":14,"column":34}},"type":"binary-expr","locations":[{"start":{"line":14,"column":8},"end":{"line":14,"column":21}},{"start":{"line":14,"column":25},"end":{"line":14,"column":34}}],"line":14}},"s":{"0":6,"1":5,"2":5,"3":5,"4":6,"5":8,"6":2,"7":2,"8":6,"9":6,"10":6,"11":1},"f":{"0":5,"1":8,"2":1},"b":{"0":[2,6],"1":[8,7]},"inputSourceMap":null,"_coverageSchema":"1a1c01bbd47fc00a2c39e90264f33305004495a9","hash":"5e49cfb4f8cefe3a008a1e22f8728ed933d7f136"}
,"/Users/kirkhammett/VScodeProjects/finance-tracker-system/backend/services/authService.js": {"path":"/Users/kirkhammett/VScodeProjects/finance-tracker-system/backend/services/authService.js","statementMap":{"0":{"start":{"line":5,"column":28},"end":{"line":23,"column":1}},"1":{"start":{"line":6,"column":20},"end":{"line":9,"column":4}},"2":{"start":{"line":11,"column":2},"end":{"line":13,"column":3}},"3":{"start":{"line":12,"column":4},"end":{"line":12,"column":67}},"4":{"start":{"line":15,"column":25},"end":{"line":15,"column":53}},"5":{"start":{"line":17,"column":15},"end":{"line":20,"column":4}},"6":{"start":{"line":22,"column":2},"end":{"line":22,"column":22}},"7":{"start":{"line":25,"column":32},"end":{"line":45,"column":1}},"8":{"start":{"line":26,"column":17},"end":{"line":29,"column":4}},"9":{"start":{"line":31,"column":15},"end":{"line":31,"column":29}},"10":{"start":{"line":33,"column":2},"end":{"line":35,"column":3}},"11":{"start":{"line":34,"column":4},"end":{"line":34,"column":50}},"12":{"start":{"line":37,"column":18},"end":{"line":37,"column":64}},"13":{"start":{"line":38,"column":2},"end":{"line":40,"column":3}},"14":{"start":{"line":39,"column":4},"end":{"line":39,"column":50}},"15":{"start":{"line":42,"column":16},"end":{"line":42,"column":42}},"16":{"start":{"line":44,"column":2},"end":{"line":44,"column":78}}},"fnMap":{"0":{"name":"(anonymous_0)","decl":{"start":{"line":5,"column":28},"end":{"line":5,"column":29}},"loc":{"start":{"line":5,"column":61},"end":{"line":23,"column":1}},"line":5},"1":{"name":"(anonymous_1)","decl":{"start":{"line":25,"column":32},"end":{"line":25,"column":33}},"loc":{"start":{"line":25,"column":59},"end":{"line":45,"column":1}},"line":25}},"branchMap":{"0":{"loc":{"start":{"line":11,"column":2},"end":{"line":13,"column":3}},"type":"if","locations":[{"start":{"line":11,"column":2},"end":{"line":13,"column":3}},{"start":{},"end":{}}],"line":11},"1":{"loc":{"start":{"line":33,"column":2},"end":{"line":35,"column":3}},"type":"if","locations":[{"start":{"line":33,"column":2},"end":{"line":35,"column":3}},{"start":{},"end":{}}],"line":33},"2":{"loc":{"start":{"line":38,"column":2},"end":{"line":40,"column":3}},"type":"if","locations":[{"start":{"line":38,"column":2},"end":{"line":40,"column":3}},{"start":{},"end":{}}],"line":38}},"s":{"0":4,"1":5,"2":5,"3":1,"4":4,"5":4,"6":4,"7":4,"8":3,"9":3,"10":3,"11":1,"12":2,"13":2,"14":1,"15":1,"16":1},"f":{"0":5,"1":3},"b":{"0":[1,4],"1":[1,2],"2":[1,1]},"inputSourceMap":null,"_coverageSchema":"1a1c01bbd47fc00a2c39e90264f33305004495a9","hash":"003c69eb81f0d307ec773b9aadd460479e27852e"}
,"/Users/kirkhammett/VScodeProjects/finance-tracker-system/backend/services/goalService.js": {"path":"/Users/kirkhammett/VScodeProjects/finance-tracker-system/backend/services/goalService.js","statementMap":{"0":{"start":{"line":4,"column":26},"end":{"line":11,"column":1}},"1":{"start":{"line":5,"column":17},"end":{"line":9,"column":4}},"2":{"start":{"line":10,"column":2},"end":{"line":10,"column":24}},"3":{"start":{"line":13,"column":28},"end":{"line":19,"column":1}},"4":{"start":{"line":14,"column":17},"end":{"line":17,"column":4}},"5":{"start":{"line":18,"column":2},"end":{"line":18,"column":21}},"6":{"start":{"line":21,"column":26},"end":{"line":36,"column":1}},"7":{"start":{"line":22,"column":73},"end":{"line":22,"column":80}},"8":{"start":{"line":24,"column":17},"end":{"line":33,"column":4}},"9":{"start":{"line":35,"column":2},"end":{"line":35,"column":24}}},"fnMap":{"0":{"name":"(anonymous_0)","decl":{"start":{"line":4,"column":26},"end":{"line":4,"column":27}},"loc":{"start":{"line":4,"column":93},"end":{"line":11,"column":1}},"line":4},"1":{"name":"(anonymous_1)","decl":{"start":{"line":13,"column":28},"end":{"line":13,"column":29}},"loc":{"start":{"line":13,"column":46},"end":{"line":19,"column":1}},"line":13},"2":{"name":"(anonymous_2)","decl":{"start":{"line":21,"column":26},"end":{"line":21,"column":27}},"loc":{"start":{"line":21,"column":61},"end":{"line":36,"column":1}},"line":21}},"branchMap":{},"s":{"0":3,"1":3,"2":3,"3":3,"4":2,"5":2,"6":3,"7":3,"8":3,"9":3},"f":{"0":3,"1":2,"2":3},"b":{},"inputSourceMap":null,"_coverageSchema":"1a1c01bbd47fc00a2c39e90264f33305004495a9","hash":"6ec32a26f4fbcecbfae5ca33ae4b5b4e53487678"}
,"/Users/kirkhammett/VScodeProjects/finance-tracker-system/backend/services/mockUserService.js": {"path":"/Users/kirkhammett/VScodeProjects/finance-tracker-system/backend/services/mockUserService.js","statementMap":{"0":{"start":{"line":5,"column":2},"end":{"line":7,"column":3}},"1":{"start":{"line":6,"column":4},"end":{"line":6,"column":39}},"2":{"start":{"line":9,"column":14},"end":{"line":9,"column":55}},"3":{"start":{"line":10,"column":2},"end":{"line":10,"column":49}},"4":{"start":{"line":10,"column":15},"end":{"line":10,"column":49}},"5":{"start":{"line":11,"column":2},"end":{"line":11,"column":20}},"6":{"start":{"line":21,"column":2},"end":{"line":23,"column":3}},"7":{"start":{"line":22,"column":4},"end":{"line":22,"column":50}},"8":{"start":{"line":25,"column":14},"end":{"line":29,"column":4}},"9":{"start":{"line":31,"column":2},"end":{"line":31,"column":59}},"10":{"start":{"line":31,"column":15},"end":{"line":31,"column":59}},"11":{"start":{"line":32,"column":2},"end":{"line":32,"column":20}},"12":{"start":{"line":36,"column":14},"end":{"line":40,"column":4}},"13":{"start":{"line":42,"column":2},"end":{"line":42,"column":48}},"14":{"start":{"line":42,"column":15},"end":{"line":42,"column":48}},"15":{"start":{"line":43,"column":15},"end":{"line":43,"column":31}},"16":{"start":{"line":44,"column":2},"end":{"line":44,"column":28}},"17":{"start":{"line":45,"column":2},"end":{"line":45,"column":14}}},"fnMap":{"0":{"name":"getUserById","decl":{"start":{"line":4,"column":22},"end":{"line":4,"column":33}},"loc":{"start":{"line":4,"column":51},"end":{"line":12,"column":1}},"line":4},"1":{"name":"changeUserPassword","decl":{"start":{"line":14,"column":22},"end":{"line":14,"column":40}},"loc":{"start":{"line":20,"column":2},"end":{"line":33,"column":1}},"line":20},"2":{"name":"updateUserInfo","decl":{"start":{"line":35,"column":22},"end":{"line":35,"column":36}},"loc":{"start":{"line":35,"column":67},"end":{"line":46,"column":1}},"line":35}},"branchMap":{"0":{"loc":{"start":{"line":5,"column":2},"end":{"line":7,"column":3}},"type":"if","locations":[{"start":{"line":5,"column":2},"end":{"line":7,"column":3}},{"start":{},"end":{}}],"line":5},"1":{"loc":{"start":{"line":5,"column":6},"end":{"line":5,"column":43}},"type":"binary-expr","locations":[{"start":{"line":5,"column":6},"end":{"line":5,"column":13}},{"start":{"line":5,"column":17},"end":{"line":5,"column":43}}],"line":5},"2":{"loc":{"start":{"line":10,"column":2},"end":{"line":10,"column":49}},"type":"if","locations":[{"start":{"line":10,"column":2},"end":{"line":10,"column":49}},{"start":{},"end":{}}],"line":10},"3":{"loc":{"start":{"line":21,"column":2},"end":{"line":23,"column":3}},"type":"if","locations":[{"start":{"line":21,"column":2},"end":{"line":23,"column":3}},{"start":{},"end":{}}],"line":21},"4":{"loc":{"start":{"line":31,"column":2},"end":{"line":31,"column":59}},"type":"if","locations":[{"start":{"line":31,"column":2},"end":{"line":31,"column":59}},{"start":{},"end":{}}],"line":31},"5":{"loc":{"start":{"line":42,"column":2},"end":{"line":42,"column":48}},"type":"if","locations":[{"start":{"line":42,"column":2},"end":{"line":42,"column":48}},{"start":{},"end":{}}],"line":42}},"s":{"0":4,"1":2,"2":2,"3":2,"4":1,"5":1,"6":3,"7":1,"8":2,"9":2,"10":1,"11":1,"12":2,"13":2,"14":1,"15":1,"16":1,"17":1},"f":{"0":4,"1":3,"2":2},"b":{"0":[2,2],"1":[4,3],"2":[1,1],"3":[1,2],"4":[1,1],"5":[1,1]},"inputSourceMap":null,"_coverageSchema":"1a1c01bbd47fc00a2c39e90264f33305004495a9","hash":"108324ab1e69fbc4c9ba98df5e65a06dce65658c"}
,"/Users/kirkhammett/VScodeProjects/finance-tracker-system/backend/services/transactionService.js": {"path":"/Users/kirkhammett/VScodeProjects/finance-tracker-system/backend/services/transactionService.js","statementMap":{"0":{"start":{"line":4,"column":33},"end":{"line":11,"column":1}},"1":{"start":{"line":5,"column":22},"end":{"line":9,"column":4}},"2":{"start":{"line":10,"column":2},"end":{"line":10,"column":29}},"3":{"start":{"line":13,"column":35},"end":{"line":29,"column":1}},"4":{"start":{"line":14,"column":14},"end":{"line":14,"column":61}},"5":{"start":{"line":15,"column":15},"end":{"line":15,"column":23}},"6":{"start":{"line":17,"column":2},"end":{"line":20,"column":3}},"7":{"start":{"line":18,"column":4},"end":{"line":18,"column":30}},"8":{"start":{"line":19,"column":4},"end":{"line":19,"column":28}},"9":{"start":{"line":22,"column":2},"end":{"line":25,"column":3}},"10":{"start":{"line":23,"column":4},"end":{"line":23,"column":53}},"11":{"start":{"line":24,"column":4},"end":{"line":24,"column":26}},"12":{"start":{"line":27,"column":23},"end":{"line":27,"column":64}},"13":{"start":{"line":28,"column":2},"end":{"line":28,"column":27}},"14":{"start":{"line":31,"column":30},"end":{"line":40,"column":1}},"15":{"start":{"line":32,"column":18},"end":{"line":38,"column":4}},"16":{"start":{"line":39,"column":2},"end":{"line":39,"column":25}},"17":{"start":{"line":42,"column":33},"end":{"line":49,"column":1}},"18":{"start":{"line":43,"column":17},"end":{"line":46,"column":4}},"19":{"start":{"line":48,"column":2},"end":{"line":48,"column":29}}},"fnMap":{"0":{"name":"(anonymous_0)","decl":{"start":{"line":4,"column":33},"end":{"line":4,"column":34}},"loc":{"start":{"line":4,"column":88},"end":{"line":11,"column":1}},"line":4},"1":{"name":"(anonymous_1)","decl":{"start":{"line":13,"column":35},"end":{"line":13,"column":36}},"loc":{"start":{"line":13,"column":75},"end":{"line":29,"column":1}},"line":13},"2":{"name":"(anonymous_2)","decl":{"start":{"line":31,"column":30},"end":{"line":31,"column":31}},"loc":{"start":{"line":31,"column":48},"end":{"line":40,"column":1}},"line":31},"3":{"name":"(anonymous_3)","decl":{"start":{"line":42,"column":33},"end":{"line":42,"column":34}},"loc":{"start":{"line":42,"column":66},"end":{"line":49,"column":1}},"line":42}},"branchMap":{"0":{"loc":{"start":{"line":17,"column":2},"end":{"line":20,"column":3}},"type":"if","locations":[{"start":{"line":17,"column":2},"end":{"line":20,"column":3}},{"start":{},"end":{}}],"line":17},"1":{"loc":{"start":{"line":22,"column":2},"end":{"line":25,"column":3}},"type":"if","locations":[{"start":{"line":22,"column":2},"end":{"line":25,"column":3}},{"start":{},"end":{}}],"line":22}},"s":{"0":2,"1":8,"2":8,"3":2,"4":4,"5":4,"6":4,"7":2,"8":2,"9":4,"10":2,"11":2,"12":4,"13":4,"14":2,"15":1,"16":1,"17":2,"18":1,"19":1},"f":{"0":8,"1":4,"2":1,"3":1},"b":{"0":[2,2],"1":[2,2]},"inputSourceMap":null,"_coverageSchema":"1a1c01bbd47fc00a2c39e90264f33305004495a9","hash":"756fd82835023372b5f2936d6ef0223133b4198e"}
,"/Users/kirkhammett/VScodeProjects/finance-tracker-system/backend/services/userService.js": {"path":"/Users/kirkhammett/VScodeProjects/finance-tracker-system/backend/services/userService.js","statementMap":{"0":{"start":{"line":4,"column":27},"end":{"line":15,"column":1}},"1":{"start":{"line":5,"column":2},"end":{"line":7,"column":3}},"2":{"start":{"line":6,"column":4},"end":{"line":6,"column":39}},"3":{"start":{"line":9,"column":20},"end":{"line":12,"column":4}},"4":{"start":{"line":14,"column":2},"end":{"line":14,"column":27}},"5":{"start":{"line":17,"column":34},"end":{"line":38,"column":1}},"6":{"start":{"line":23,"column":15},"end":{"line":23,"column":40}},"7":{"start":{"line":25,"column":18},"end":{"line":25,"column":71}},"8":{"start":{"line":26,"column":2},"end":{"line":28,"column":3}},"9":{"start":{"line":27,"column":4},"end":{"line":27,"column":48}},"10":{"start":{"line":30,"column":25},"end":{"line":30,"column":56}},"11":{"start":{"line":32,"column":2},"end":{"line":35,"column":5}},"12":{"start":{"line":37,"column":2},"end":{"line":37,"column":54}},"13":{"start":{"line":40,"column":30},"end":{"line":51,"column":1}},"14":{"start":{"line":41,"column":15},"end":{"line":41,"column":40}},"15":{"start":{"line":43,"column":22},"end":{"line":46,"column":4}},"16":{"start":{"line":48,"column":2},"end":{"line":48,"column":43}},"17":{"start":{"line":50,"column":2},"end":{"line":50,"column":29}}},"fnMap":{"0":{"name":"(anonymous_0)","decl":{"start":{"line":4,"column":27},"end":{"line":4,"column":28}},"loc":{"start":{"line":4,"column":45},"end":{"line":15,"column":1}},"line":4},"1":{"name":"(anonymous_1)","decl":{"start":{"line":17,"column":34},"end":{"line":17,"column":35}},"loc":{"start":{"line":22,"column":5},"end":{"line":38,"column":1}},"line":22},"2":{"name":"(anonymous_2)","decl":{"start":{"line":40,"column":30},"end":{"line":40,"column":31}},"loc":{"start":{"line":40,"column":61},"end":{"line":51,"column":1}},"line":40}},"branchMap":{"0":{"loc":{"start":{"line":5,"column":2},"end":{"line":7,"column":3}},"type":"if","locations":[{"start":{"line":5,"column":2},"end":{"line":7,"column":3}},{"start":{},"end":{}}],"line":5},"1":{"loc":{"start":{"line":5,"column":6},"end":{"line":5,"column":43}},"type":"binary-expr","locations":[{"start":{"line":5,"column":6},"end":{"line":5,"column":13}},{"start":{"line":5,"column":17},"end":{"line":5,"column":43}}],"line":5},"2":{"loc":{"start":{"line":26,"column":2},"end":{"line":28,"column":3}},"type":"if","locations":[{"start":{"line":26,"column":2},"end":{"line":28,"column":3}},{"start":{},"end":{}}],"line":26}},"s":{"0":2,"1":8,"2":4,"3":4,"4":4,"5":2,"6":2,"7":2,"8":2,"9":1,"10":1,"11":1,"12":1,"13":2,"14":1,"15":1,"16":1,"17":1},"f":{"0":8,"1":2,"2":1},"b":{"0":[4,4],"1":[8,6],"2":[1,1]},"inputSourceMap":null,"_coverageSchema":"1a1c01bbd47fc00a2c39e90264f33305004495a9","hash":"6fe099d11b8a9851de6847ac55a8e71eb210ca6e"}
}
