TN:
SF:libs/database.js
FNF:0
FNH:0
DA:4,7
DA:6,7
DA:8,7
LF:3
LH:3
BRF:0
BRH:0
end_of_record
TN:
SF:libs/index.js
FN:4,(anonymous_0)
FN:12,(anonymous_1)
FN:24,(anonymous_2)
FNF:3
FNH:3
FNDA:5,(anonymous_0)
FNDA:8,(anonymous_1)
FNDA:1,(anonymous_2)
DA:4,6
DA:5,5
DA:7,5
DA:9,5
DA:12,6
DA:14,8
DA:15,2
DA:16,2
DA:19,6
DA:20,6
DA:24,6
DA:25,1
LF:12
LH:12
BRDA:14,0,0,2
BRDA:14,0,1,6
BRDA:14,1,0,8
BRDA:14,1,1,7
BRF:4
BRH:4
end_of_record
TN:
SF:services/authService.js
FN:5,(anonymous_0)
FN:25,(anonymous_1)
FNF:2
FNH:2
FNDA:5,(anonymous_0)
FNDA:3,(anonymous_1)
DA:5,4
DA:6,5
DA:11,5
DA:12,1
DA:15,4
DA:17,4
DA:22,4
DA:25,4
DA:26,3
DA:31,3
DA:33,3
DA:34,1
DA:37,2
DA:38,2
DA:39,1
DA:42,1
DA:44,1
LF:17
LH:17
BRDA:11,0,0,1
BRDA:11,0,1,4
BRDA:33,1,0,1
BRDA:33,1,1,2
BRDA:38,2,0,1
BRDA:38,2,1,1
BRF:6
BRH:6
end_of_record
TN:
SF:services/goalService.js
FN:4,(anonymous_0)
FN:13,(anonymous_1)
FN:21,(anonymous_2)
FNF:3
FNH:3
FNDA:3,(anonymous_0)
FNDA:2,(anonymous_1)
FNDA:3,(anonymous_2)
DA:4,3
DA:5,3
DA:10,3
DA:13,3
DA:14,2
DA:18,2
DA:21,3
DA:22,3
DA:24,3
DA:35,3
LF:10
LH:10
BRF:0
BRH:0
end_of_record
TN:
SF:services/mockUserService.js
FN:4,getUserById
FN:14,changeUserPassword
FN:35,updateUserInfo
FNF:3
FNH:3
FNDA:4,getUserById
FNDA:3,changeUserPassword
FNDA:2,updateUserInfo
DA:5,4
DA:6,2
DA:9,2
DA:10,2
DA:11,1
DA:21,3
DA:22,1
DA:25,2
DA:31,2
DA:32,1
DA:36,2
DA:42,2
DA:43,1
DA:44,1
DA:45,1
LF:15
LH:15
BRDA:5,0,0,2
BRDA:5,0,1,2
BRDA:5,1,0,4
BRDA:5,1,1,3
BRDA:10,2,0,1
BRDA:10,2,1,1
BRDA:21,3,0,1
BRDA:21,3,1,2
BRDA:31,4,0,1
BRDA:31,4,1,1
BRDA:42,5,0,1
BRDA:42,5,1,1
BRF:12
BRH:12
end_of_record
TN:
SF:services/transactionService.js
FN:4,(anonymous_0)
FN:13,(anonymous_1)
FN:31,(anonymous_2)
FN:42,(anonymous_3)
FNF:4
FNH:4
FNDA:8,(anonymous_0)
FNDA:4,(anonymous_1)
FNDA:1,(anonymous_2)
FNDA:1,(anonymous_3)
DA:4,2
DA:5,8
DA:10,8
DA:13,2
DA:14,4
DA:15,4
DA:17,4
DA:18,2
DA:19,2
DA:22,4
DA:23,2
DA:24,2
DA:27,4
DA:28,4
DA:31,2
DA:32,1
DA:39,1
DA:42,2
DA:43,1
DA:48,1
LF:20
LH:20
BRDA:17,0,0,2
BRDA:17,0,1,2
BRDA:22,1,0,2
BRDA:22,1,1,2
BRF:4
BRH:4
end_of_record
TN:
SF:services/userService.js
FN:4,(anonymous_0)
FN:17,(anonymous_1)
FN:40,(anonymous_2)
FNF:3
FNH:3
FNDA:8,(anonymous_0)
FNDA:2,(anonymous_1)
FNDA:1,(anonymous_2)
DA:4,2
DA:5,8
DA:6,4
DA:9,4
DA:14,4
DA:17,2
DA:23,2
DA:25,2
DA:26,2
DA:27,1
DA:30,1
DA:32,1
DA:37,1
DA:40,2
DA:41,1
DA:43,1
DA:48,1
DA:50,1
LF:18
LH:18
BRDA:5,0,0,4
BRDA:5,0,1,4
BRDA:5,1,0,8
BRDA:5,1,1,6
BRDA:26,2,0,1
BRDA:26,2,1,1
BRF:6
BRH:6
end_of_record
